[debug] [2022-10-18T02:33:28.133Z] ----------------------------------------------------------------------
[debug] [2022-10-18T02:33:28.135Z] Command:       /usr/local/bin/firebase /Users/fernandosedrez/.cache/firebase/tools/lib/node_modules/firebase-tools/lib/bin/firebase init
[debug] [2022-10-18T02:33:28.135Z] CLI Version:   11.14.4
[debug] [2022-10-18T02:33:28.135Z] Platform:      darwin
[debug] [2022-10-18T02:33:28.135Z] Node Version:  v16.16.0
[debug] [2022-10-18T02:33:28.139Z] Time:          Mon Oct 17 2022 23:33:28 GMT-0300 (Brasilia Standard Time)
[debug] [2022-10-18T02:33:28.140Z] ----------------------------------------------------------------------
[debug] 
[debug] [2022-10-18T02:33:28.208Z] > command requires scopes: ["email","openid","https://www.googleapis.com/auth/cloudplatformprojects.readonly","https://www.googleapis.com/auth/firebase","https://www.googleapis.com/auth/cloud-platform"]
[debug] [2022-10-18T02:33:28.208Z] > authorizing via signed-in user (fmsedrez@gmail.com)
[info] 
     ######## #### ########  ######## ########     ###     ######  ########
     ##        ##  ##     ## ##       ##     ##  ##   ##  ##       ##
     ######    ##  ########  ######   ########  #########  ######  ######
     ##        ##  ##    ##  ##       ##     ## ##     ##       ## ##
     ##       #### ##     ## ######## ########  ##     ##  ######  ########

You're about to initialize a Firebase project in this directory:

  /Users/fernandosedrez/Dev/gdg-web

Before we get started, keep in mind:

  * You are initializing within an existing Firebase project directory

[info] 
=== Project Setup
[info] 
[info] First, let's associate this project directory with a Firebase project.
[info] You can create multiple project aliases by running firebase use --add, 
[info] but for now we'll just set up a default project.
[info] 
[info] i  .firebaserc already has a default project, using gdg-brasil. 
[debug] [2022-10-18T02:34:03.989Z] >>> [apiv2][query] GET https://firebase.googleapis.com/v1beta1/projects/gdg-brasil [none]
[debug] [2022-10-18T02:34:05.272Z] <<< [apiv2][status] GET https://firebase.googleapis.com/v1beta1/projects/gdg-brasil 403
[debug] [2022-10-18T02:34:05.273Z] <<< [apiv2][body] GET https://firebase.googleapis.com/v1beta1/projects/gdg-brasil {"error":{"code":403,"message":"The caller does not have permission","status":"PERMISSION_DENIED"}}
[debug] [2022-10-18T02:34:05.273Z] HTTP Error: 403, The caller does not have permission
[debug] [2022-10-18T02:34:05.561Z] FirebaseError: HTTP Error: 403, The caller does not have permission
    at responseToError (/Users/fernandosedrez/.cache/firebase/tools/lib/node_modules/firebase-tools/lib/responseToError.js:49:12)
    at RetryOperation._fn (/Users/fernandosedrez/.cache/firebase/tools/lib/node_modules/firebase-tools/lib/apiv2.js:288:77)
    at processTicksAndRejections (node:internal/process/task_queues:96:5)
[error] 
[error] Error: Failed to get Firebase project gdg-brasil. Please make sure the project exists and your account has permission to access it.
